-------------------------------------------------------------------------------
Test set: com.bolsadeideas.springboot.app.SpringBootDataJpaApplicationTests
-------------------------------------------------------------------------------
Tests run: 1, Failures: 0, Errors: 1, Skipped: 0, Time elapsed: 0.455 s <<< FAILURE! - in com.bolsadeideas.springboot.app.SpringBootDataJpaApplicationTests
initializationError(com.bolsadeideas.springboot.app.SpringBootDataJpaApplicationTests)  Time elapsed: 0 s  <<< ERROR!
java.lang.IllegalStateException: Unable to find a @SpringBootConfiguration, you need to use @ContextConfiguration or @SpringBootTest(classes=...) with your test

