-------------------------------------------------------------------------------
Test set: com.alejandro.springboot.app.models.UserCredentialsTest
-------------------------------------------------------------------------------
Tests run: 6, Failures: 6, Errors: 0, Skipped: 0, Time elapsed: 0.089 s <<< FAILURE! - in com.alejandro.springboot.app.models.UserCredentialsTest
testSetPassword(com.alejandro.springboot.app.models.UserCredentialsTest)  Time elapsed: 0.009 s  <<< FAILURE!
java.lang.AssertionError: Not yet implemented
	at com.alejandro.springboot.app.models.UserCredentialsTest.testSetPassword(UserCredentialsTest.java:26)

testGetPassword(com.alejandro.springboot.app.models.UserCredentialsTest)  Time elapsed: 0 s  <<< FAILURE!
java.lang.AssertionError: Not yet implemented
	at com.alejandro.springboot.app.models.UserCredentialsTest.testGetPassword(UserCredentialsTest.java:21)

testUserCredentialsStringString(com.alejandro.springboot.app.models.UserCredentialsTest)  Time elapsed: 0 s  <<< FAILURE!
java.lang.AssertionError: Not yet implemented
	at com.alejandro.springboot.app.models.UserCredentialsTest.testUserCredentialsStringString(UserCredentialsTest.java:31)

testGetUsuario(com.alejandro.springboot.app.models.UserCredentialsTest)  Time elapsed: 0 s  <<< FAILURE!
java.lang.AssertionError: Not yet implemented
	at com.alejandro.springboot.app.models.UserCredentialsTest.testGetUsuario(UserCredentialsTest.java:11)

testUserCredentials(com.alejandro.springboot.app.models.UserCredentialsTest)  Time elapsed: 0 s  <<< FAILURE!
java.lang.AssertionError: Not yet implemented
	at com.alejandro.springboot.app.models.UserCredentialsTest.testUserCredentials(UserCredentialsTest.java:36)

testSetUsuario(com.alejandro.springboot.app.models.UserCredentialsTest)  Time elapsed: 0 s  <<< FAILURE!
java.lang.AssertionError: Not yet implemented
	at com.alejandro.springboot.app.models.UserCredentialsTest.testSetUsuario(UserCredentialsTest.java:16)

